c:\projects\computergraphicsproject\x64\debug\vc143.pdb
c:\projects\computergraphicsproject\x64\debug\vc143.idb
c:\projects\computergraphicsproject\x64\debug\vertexbufferlayout.obj
c:\projects\computergraphicsproject\x64\debug\vertexbuffer.obj
c:\projects\computergraphicsproject\x64\debug\vertexarray.obj
c:\projects\computergraphicsproject\x64\debug\texture.obj
c:\projects\computergraphicsproject\x64\debug\stb_image.obj
c:\projects\computergraphicsproject\x64\debug\shader.obj
c:\projects\computergraphicsproject\x64\debug\renderer.obj
c:\projects\computergraphicsproject\x64\debug\player.obj
c:\projects\computergraphicsproject\x64\debug\main.obj
c:\projects\computergraphicsproject\x64\debug\indexbuffer.obj
c:\projects\computergraphicsproject\x64\debug\food.obj
c:\projects\computergraphicsproject\x64\debug\camera2d.obj
c:\projects\computergraphicsproject\x64\debug\glad.obj
c:\projects\computergraphicsproject\x64\debug\computer-graphics-project.ilk
c:\projects\computergraphicsproject\x64\debug\computer-graphics-project.exe
c:\projects\computergraphicsproject\x64\debug\computer-graphics-project.pdb
c:\projects\computergraphicsproject\x64\debug\computer.e7cc7114.tlog\cl.command.1.tlog
c:\projects\computergraphicsproject\x64\debug\computer.e7cc7114.tlog\cl.read.1.tlog
c:\projects\computergraphicsproject\x64\debug\computer.e7cc7114.tlog\cl.write.1.tlog
c:\projects\computergraphicsproject\x64\debug\computer.e7cc7114.tlog\link.command.1.tlog
c:\projects\computergraphicsproject\x64\debug\computer.e7cc7114.tlog\link.read.1.tlog
c:\projects\computergraphicsproject\x64\debug\computer.e7cc7114.tlog\link.write.1.tlog
